<?xml version="1.0" encoding="UTF-8"?>
<!-- Generated by org.testng.reporters.JUnitReportReporter -->
<testsuite hostname="DESKTOP-I3R1UER" failures="0" tests="1" name="com.testing.AddtoCart" time="40.237" errors="0" timestamp="2022-10-04T19:38:59 IST" skipped="0">
  <testcase classname="com.testing.AddtoCart" name="AddCartTest" time="40.237"/>
  <system-out/>
</testsuite> <!-- com.testing.AddtoCart -->
