<?xml version="1.0" encoding="UTF-8"?>
<!-- Generated by org.testng.reporters.JUnitReportReporter -->
<testsuite hostname="DESKTOP-I3R1UER" failures="0" tests="1" name="com.testing.SignIn" time="33.737" errors="0" timestamp="2022-10-04T19:42:59 IST" skipped="0">
  <testcase classname="com.testing.SignIn" name="signinTest" time="33.737"/>
  <system-out/>
</testsuite> <!-- com.testing.SignIn -->
