<?xml version="1.0" encoding="UTF-8"?>
<!-- Generated by org.testng.reporters.JUnitReportReporter -->
<testsuite hostname="DESKTOP-I3R1UER" failures="0" tests="1" name="com.testing.RegisterPage" time="31.916" errors="0" timestamp="2022-10-04T19:41:17 IST" skipped="0">
  <testcase classname="com.testing.RegisterPage" name="RegisterPageTest" time="31.916"/>
  <system-out/>
</testsuite> <!-- com.testing.RegisterPage -->
