<?xml version="1.0" encoding="UTF-8"?>
<!-- Generated by org.testng.reporters.JUnitReportReporter -->
<testsuite hostname="DESKTOP-I3R1UER" failures="0" tests="1" name="com.testing.GoogleSearchTest" time="44.533" errors="0" timestamp="2022-10-04T19:40:22 IST" skipped="0">
  <testcase classname="com.testing.GoogleSearchTest" name="SearchTest" time="44.533"/>
  <system-out/>
</testsuite> <!-- com.testing.GoogleSearchTest -->
