<?xml version="1.0" encoding="UTF-8"?>
<!-- Generated by org.testng.reporters.JUnitReportReporter -->
<testsuite hostname="DESKTOP-I3R1UER" failures="0" tests="7" name="com.demo.FlipkartTestChrome" time="50.004" errors="0" timestamp="2022-10-12T11:04:25 IST" skipped="0">
  <testcase classname="com.demo.FlipkartTestChrome" name="closeLogin" time="1.781"/>
  <system-out/>
  <testcase classname="com.demo.FlipkartTestChrome" name="scroll" time="6.570"/>
  <system-out/>
  <testcase classname="com.demo.FlipkartTestChrome" name="searchProduct" time="6.175"/>
  <system-out/>
  <testcase classname="com.demo.FlipkartTestChrome" name="loadImage" time="24.481"/>
  <system-out/>
  <testcase classname="com.demo.FlipkartTestChrome" name="scrollFrequency" time="2.564"/>
  <system-out/>
  <testcase classname="com.demo.FlipkartTestChrome" name="downloadImages" time="0.271"/>
  <system-out/>
  <testcase classname="com.demo.FlipkartTestChrome" name="screenResolution" time="8.162"/>
  <system-out/>
</testsuite> <!-- com.demo.FlipkartTestChrome -->
