<?xml version="1.0" encoding="UTF-8"?>
<!-- Generated by org.testng.reporters.JUnitReportReporter -->
<testsuite hostname="DESKTOP-I3R1UER" failures="0" tests="7" name="com.demo.FlipkartTestEdge" time="36.648" errors="0" timestamp="2022-10-12T11:07:00 IST" skipped="0">
  <testcase classname="com.demo.FlipkartTestEdge" name="closeLogin" time="2.308"/>
  <system-out/>
  <testcase classname="com.demo.FlipkartTestEdge" name="scroll" time="6.571"/>
  <system-out/>
  <testcase classname="com.demo.FlipkartTestEdge" name="searchProduct" time="6.635"/>
  <system-out/>
  <testcase classname="com.demo.FlipkartTestEdge" name="loadImage" time="9.774"/>
  <system-out/>
  <testcase classname="com.demo.FlipkartTestEdge" name="scrollFrequency" time="2.589"/>
  <system-out/>
  <testcase classname="com.demo.FlipkartTestEdge" name="downloadImages" time="0.393"/>
  <system-out/>
  <testcase classname="com.demo.FlipkartTestEdge" name="screenResolution" time="8.378"/>
  <system-out/>
</testsuite> <!-- com.demo.FlipkartTestEdge -->
